<?xml version="1.0" encoding="UTF-8"?>
<!-- Generated by org.testng.reporters.JUnitXMLReporter -->
<testsuite ignored="0" hostname="DESKTOP-3O9T5AI" failures="0" tests="4" name="Test" time="0.193" errors="0" timestamp="2022-08-27T17:38:12 IST">
  <testcase classname="jenkinsscripts.TestCase1" name="tc1" time="0.019"/>
  <testcase classname="jenkinsscripts.TestCase3" name="tc3" time="0.004"/>
  <testcase classname="jenkinsscripts.TestCase2" name="tc2" time="0.004"/>
  <testcase classname="jenkinsscripts.TestCase4" name="tc4" time="0.017"/>
</testsuite> <!-- Test -->
