<?xml version="1.0" encoding="UTF-8"?>
<testng-results ignored="0" total="4" passed="4" failed="0" skipped="0">
  <reporter-output>
    <line>
      <![CDATA[Hello java]]>
    </line>
    <line>
      <![CDATA[Hello python]]>
    </line>
    <line>
      <![CDATA[Hello selenium]]>
    </line>
    <line>
      <![CDATA[Hello appium]]>
    </line>
  </reporter-output>
  <suite started-at="2022-08-27T17:38:11 IST" name="Suite" finished-at="2022-08-27T17:38:11 IST" duration-ms="193">
    <groups>
    </groups>
    <test started-at="2022-08-27T17:38:11 IST" name="Test" finished-at="2022-08-27T17:38:11 IST" duration-ms="193">
      <class name="jenkinsscripts.TestCase4">
        <test-method signature="tc4()[pri:0, instance:jenkinsscripts.TestCase4@4d02f94e]" started-at="2022-08-27T17:38:11 IST" name="tc4" finished-at="2022-08-27T17:38:11 IST" duration-ms="17" status="PASS">
          <reporter-output>
            <line>
              <![CDATA[Hello appium]]>
            </line>
          </reporter-output>
        </test-method> <!-- tc4 -->
      </class> <!-- jenkinsscripts.TestCase4 -->
      <class name="jenkinsscripts.TestCase3">
        <test-method signature="tc3()[pri:0, instance:jenkinsscripts.TestCase3@3fb1549b]" started-at="2022-08-27T17:38:11 IST" name="tc3" finished-at="2022-08-27T17:38:11 IST" duration-ms="4" status="PASS">
          <reporter-output>
            <line>
              <![CDATA[Hello python]]>
            </line>
          </reporter-output>
        </test-method> <!-- tc3 -->
      </class> <!-- jenkinsscripts.TestCase3 -->
      <class name="jenkinsscripts.TestCase2">
        <test-method signature="tc2()[pri:0, instance:jenkinsscripts.TestCase2@ea6147e]" started-at="2022-08-27T17:38:11 IST" name="tc2" finished-at="2022-08-27T17:38:11 IST" duration-ms="4" status="PASS">
          <reporter-output>
            <line>
              <![CDATA[Hello selenium]]>
            </line>
          </reporter-output>
        </test-method> <!-- tc2 -->
      </class> <!-- jenkinsscripts.TestCase2 -->
      <class name="jenkinsscripts.TestCase1">
        <test-method signature="tc1()[pri:0, instance:jenkinsscripts.TestCase1@2dde1bff]" started-at="2022-08-27T17:38:11 IST" name="tc1" finished-at="2022-08-27T17:38:11 IST" duration-ms="19" status="PASS">
          <reporter-output>
            <line>
              <![CDATA[Hello java]]>
            </line>
          </reporter-output>
        </test-method> <!-- tc1 -->
      </class> <!-- jenkinsscripts.TestCase1 -->
    </test> <!-- Test -->
  </suite> <!-- Suite -->
</testng-results>
